# JRE version: OpenJDK Runtime Environment Temurin-23.0.2+7 (23.0.2+7) (build 23.0.2+7)
# Java VM: OpenJDK 64-Bit Server VM Temurin-23.0.2+7 (23.0.2+7, mixed mode, sharing, tiered, compressed oops, compressed class ptrs, g1 gc, windows-amd64)
GC Precious Log:
 CardTable entry size: 512
 Card Set container configuration: InlinePtr #cards 4 size 8 Array Of Cards #cards 16 size 48 Howl #buckets 8 coarsen threshold 3686 Howl Bitmap #cards 512 size 80 coarsen threshold 460 Card regions per heap region 1 cards per card region 4096
 CPUs: 12 total, 12 available
 Memory: 16099M
 Large Page Support: Disabled
 NUMA Support: Disabled
 Compressed Oops: Enabled (Zero based)
 Heap Region Size: 2M
 Heap Min Capacity: 8M
 Heap Initial Capacity: 252M
 Heap Max Capacity: 4026M
 Pre-touch: Disabled
 Parallel Workers: 10
 Concurrent Workers: 3
 Concurrent Refinement Workers: 10
 Periodic GC: Disabled
Heap:
 garbage-first heap   total reserved 4122624K, committed 92160K, used 32067K [0x0000000704600000, 0x0000000800000000)
  region size 2048K, 6 young (12288K), 4 survivors (8192K)
 Metaspace       used 63841K, committed 64448K, reserved 1114112K
  class space    used 8690K, committed 8960K, reserved 1048576K
GC Heap History (20 events):
Event: 1.899 GC heap before
{Heap before GC invocations=8 (full 0):
 garbage-first heap   total reserved 4122624K, committed 57344K, used 42849K [0x0000000704600000, 0x0000000800000000)
  region size 2048K, 15 young (30720K), 2 survivors (4096K)
 Metaspace       used 29912K, committed 30336K, reserved 1114112K
  class space    used 3797K, committed 3968K, reserved 1048576K
}
Event: 1.902 GC heap after
{Heap after GC invocations=9 (full 0):
 garbage-first heap   total reserved 4122624K, committed 57344K, used 18103K [0x0000000704600000, 0x0000000800000000)
  region size 2048K, 2 young (4096K), 2 survivors (4096K)
 Metaspace       used 29912K, committed 30336K, reserved 1114112K
  class space    used 3797K, committed 3968K, reserved 1048576K
}
Event: 2.095 GC heap before
{Heap before GC invocations=9 (full 0):
 garbage-first heap   total reserved 4122624K, committed 57344K, used 44727K [0x0000000704600000, 0x0000000800000000)
  region size 2048K, 15 young (30720K), 2 survivors (4096K)
 Metaspace       used 32218K, committed 32704K, reserved 1114112K
  class space    used 4085K, committed 4288K, reserved 1048576K
}
Event: 2.097 GC heap after
{Heap after GC invocations=10 (full 0):
 garbage-first heap   total reserved 4122624K, committed 157696K, used 19401K [0x0000000704600000, 0x0000000800000000)
  region size 2048K, 2 young (4096K), 2 survivors (4096K)
 Metaspace       used 32218K, committed 32704K, reserved 1114112K
  class space    used 4085K, committed 4288K, reserved 1048576K
}
Event: 2.266 GC heap before
{Heap before GC invocations=10 (full 0):
 garbage-first heap   total reserved 4122624K, committed 157696K, used 50121K [0x0000000704600000, 0x0000000800000000)
  region size 2048K, 19 young (38912K), 2 survivors (4096K)
 Metaspace       used 35489K, committed 35968K, reserved 1114112K
  class space    used 4538K, committed 4736K, reserved 1048576K
}
Event: 2.268 GC heap after
{Heap after GC invocations=11 (full 0):
 garbage-first heap   total reserved 4122624K, committed 157696K, used 20064K [0x0000000704600000, 0x0000000800000000)
  region size 2048K, 2 young (4096K), 2 survivors (4096K)
 Metaspace       used 35489K, committed 35968K, reserved 1114112K
  class space    used 4538K, committed 4736K, reserved 1048576K
}
Event: 2.470 GC heap before
{Heap before GC invocations=12 (full 0):
 garbage-first heap   total reserved 4122624K, committed 75776K, used 61024K [0x0000000704600000, 0x0000000800000000)
  region size 2048K, 22 young (45056K), 2 survivors (4096K)
 Metaspace       used 38989K, committed 39552K, reserved 1114112K
  class space    used 5170K, committed 5376K, reserved 1048576K
}
Event: 2.471 GC heap after
{Heap after GC invocations=13 (full 0):
 garbage-first heap   total reserved 4122624K, committed 75776K, used 20754K [0x0000000704600000, 0x0000000800000000)
  region size 2048K, 2 young (4096K), 2 survivors (4096K)
 Metaspace       used 38989K, committed 39552K, reserved 1114112K
  class space    used 5170K, committed 5376K, reserved 1048576K
}
Event: 2.697 GC heap before
{Heap before GC invocations=13 (full 0):
 garbage-first heap   total reserved 4122624K, committed 75776K, used 61714K [0x0000000704600000, 0x0000000800000000)
  region size 2048K, 22 young (45056K), 2 survivors (4096K)
 Metaspace       used 43507K, committed 44032K, reserved 1114112K
  class space    used 5707K, committed 5952K, reserved 1048576K
}
Event: 2.700 GC heap after
{Heap after GC invocations=14 (full 0):
 garbage-first heap   total reserved 4122624K, committed 75776K, used 22525K [0x0000000704600000, 0x0000000800000000)
  region size 2048K, 3 young (6144K), 3 survivors (6144K)
 Metaspace       used 43507K, committed 44032K, reserved 1114112K
  class space    used 5707K, committed 5952K, reserved 1048576K
}
Event: 2.875 GC heap before
{Heap before GC invocations=14 (full 0):
 garbage-first heap   total reserved 4122624K, committed 75776K, used 59389K [0x0000000704600000, 0x0000000800000000)
  region size 2048K, 21 young (43008K), 3 survivors (6144K)
 Metaspace       used 46930K, committed 47424K, reserved 1114112K
  class space    used 6157K, committed 6400K, reserved 1048576K
}
Event: 2.877 GC heap after
{Heap after GC invocations=15 (full 0):
 garbage-first heap   total reserved 4122624K, committed 75776K, used 23409K [0x0000000704600000, 0x0000000800000000)
  region size 2048K, 3 young (6144K), 3 survivors (6144K)
 Metaspace       used 46930K, committed 47424K, reserved 1114112K
  class space    used 6157K, committed 6400K, reserved 1048576K
}
Event: 3.054 GC heap before
{Heap before GC invocations=15 (full 0):
 garbage-first heap   total reserved 4122624K, committed 75776K, used 60273K [0x0000000704600000, 0x0000000800000000)
  region size 2048K, 21 young (43008K), 3 survivors (6144K)
 Metaspace       used 51632K, committed 52160K, reserved 1114112K
  class space    used 6823K, committed 7040K, reserved 1048576K
}
Event: 3.056 GC heap after
{Heap after GC invocations=16 (full 0):
 garbage-first heap   total reserved 4122624K, committed 75776K, used 24215K [0x0000000704600000, 0x0000000800000000)
  region size 2048K, 3 young (6144K), 3 survivors (6144K)
 Metaspace       used 51632K, committed 52160K, reserved 1114112K
  class space    used 6823K, committed 7040K, reserved 1048576K
}
Event: 3.237 GC heap before
{Heap before GC invocations=16 (full 0):
 garbage-first heap   total reserved 4122624K, committed 75776K, used 59031K [0x0000000704600000, 0x0000000800000000)
  region size 2048K, 20 young (40960K), 3 survivors (6144K)
 Metaspace       used 54768K, committed 55296K, reserved 1114112K
  class space    used 7401K, committed 7616K, reserved 1048576K
}
Event: 3.239 GC heap after
{Heap after GC invocations=17 (full 0):
 garbage-first heap   total reserved 4122624K, committed 92160K, used 24939K [0x0000000704600000, 0x0000000800000000)
  region size 2048K, 2 young (4096K), 2 survivors (4096K)
 Metaspace       used 54768K, committed 55296K, reserved 1114112K
  class space    used 7401K, committed 7616K, reserved 1048576K
}
Event: 3.552 GC heap before
{Heap before GC invocations=17 (full 0):
 garbage-first heap   total reserved 4122624K, committed 92160K, used 74091K [0x0000000704600000, 0x0000000800000000)
  region size 2048K, 27 young (55296K), 2 survivors (4096K)
 Metaspace       used 59425K, committed 60032K, reserved 1114112K
  class space    used 8067K, committed 8320K, reserved 1048576K
}
Event: 3.555 GC heap after
{Heap after GC invocations=18 (full 0):
 garbage-first heap   total reserved 4122624K, committed 92160K, used 27012K [0x0000000704600000, 0x0000000800000000)
  region size 2048K, 3 young (6144K), 3 survivors (6144K)
 Metaspace       used 59425K, committed 60032K, reserved 1114112K
  class space    used 8067K, committed 8320K, reserved 1048576K
}
Event: 3.583 GC heap before
{Heap before GC invocations=18 (full 0):
 garbage-first heap   total reserved 4122624K, committed 92160K, used 29060K [0x0000000704600000, 0x0000000800000000)
  region size 2048K, 5 young (10240K), 3 survivors (6144K)
 Metaspace       used 59691K, committed 60288K, reserved 1114112K
  class space    used 8108K, committed 8384K, reserved 1048576K
}
Event: 3.586 GC heap after
{Heap after GC invocations=19 (full 0):
 garbage-first heap   total reserved 4122624K, committed 92160K, used 27250K [0x0000000704600000, 0x0000000800000000)
  region size 2048K, 2 young (4096K), 2 survivors (4096K)
 Metaspace       used 59691K, committed 60288K, reserved 1114112K
  class space    used 8108K, committed 8384K, reserved 1048576K
}

